info:  D3D11CoreCreateDevice: Probing D3D_FEATURE_LEVEL_11_1
info:  D3D11CoreCreateDevice: Using feature level D3D_FEATURE_LEVEL_11_1
info:  Device properties:
info:    Device name:     : NVIDIA GeForce GTX 1660 SUPER
info:    Driver version   : 517.40.0
info:  Enabled device extensions:
info:    VK_EXT_4444_formats
info:    VK_EXT_conservative_rasterization
info:    VK_EXT_custom_border_color
info:    VK_EXT_depth_clip_enable
info:    VK_EXT_extended_dynamic_state
info:    VK_EXT_full_screen_exclusive
info:    VK_EXT_host_query_reset
info:    VK_EXT_memory_priority
info:    VK_EXT_robustness2
info:    VK_EXT_shader_demote_to_helper_invocation
info:    VK_EXT_shader_viewport_index_layer
info:    VK_EXT_transform_feedback
info:    VK_EXT_vertex_attribute_divisor
info:    VK_KHR_create_renderpass2
info:    VK_KHR_depth_stencil_resolve
info:    VK_KHR_draw_indirect_count
info:    VK_KHR_driver_properties
info:    VK_KHR_external_memory_win32
info:    VK_KHR_external_semaphore_win32
info:    VK_KHR_image_format_list
info:    VK_KHR_sampler_mirror_clamp_to_edge
info:    VK_KHR_shader_float_controls
info:    VK_KHR_swapchain
info:    VK_KHR_timeline_semaphore
info:  Device features:
info:    robustBufferAccess                     : 1
info:    fullDrawIndexUint32                    : 1
info:    imageCubeArray                         : 1
info:    independentBlend                       : 1
info:    geometryShader                         : 1
info:    tessellationShader                     : 1
info:    sampleRateShading                      : 1
info:    dualSrcBlend                           : 1
info:    logicOp                                : 1
info:    multiDrawIndirect                      : 1
info:    drawIndirectFirstInstance              : 1
info:    depthClamp                             : 1
info:    depthBiasClamp                         : 1
info:    fillModeNonSolid                       : 1
info:    depthBounds                            : 1
info:    multiViewport                          : 1
info:    samplerAnisotropy                      : 1
info:    textureCompressionBC                   : 1
info:    occlusionQueryPrecise                  : 1
info:    pipelineStatisticsQuery                : 1
info:    vertexPipelineStoresAndAtomics         : 1
info:    fragmentStoresAndAtomics               : 1
info:    shaderImageGatherExtended              : 1
info:    shaderStorageImageExtendedFormats      : 0
info:    shaderStorageImageReadWithoutFormat    : 1
info:    shaderStorageImageWriteWithoutFormat   : 1
info:    shaderClipDistance                     : 1
info:    shaderCullDistance                     : 1
info:    shaderFloat64                          : 1
info:    shaderInt64                            : 1
info:    variableMultisampleRate                : 1
info:  VK_EXT_4444_formats
info:    formatA4R4G4B4                         : 1
info:    formatA4B4G4R4                         : 1
info:  VK_EXT_custom_border_color
info:    customBorderColors                     : 1
info:    customBorderColorWithoutFormat         : 1
info:  VK_EXT_depth_clip_enable
info:    depthClipEnable                        : 1
info:  VK_EXT_extended_dynamic_state
info:    extendedDynamicState                   : 1
info:  VK_EXT_host_query_reset
info:    hostQueryReset                         : 1
info:  VK_EXT_memory_priority
info:    memoryPriority                         : 1
info:  VK_EXT_non_seamless_cube_map
info:    nonSeamlessCubeMap                     : 0
info:  VK_EXT_robustness2
info:    robustBufferAccess2                    : 1
info:    robustImageAccess2                     : 1
info:    nullDescriptor                         : 1
info:  VK_EXT_shader_demote_to_helper_invocation
info:    shaderDemoteToHelperInvocation         : 1
info:  VK_EXT_transform_feedback
info:    transformFeedback                      : 1
info:    geometryStreams                        : 1
info:  VK_EXT_vertex_attribute_divisor
info:    vertexAttributeInstanceRateDivisor     : 1
info:    vertexAttributeInstanceRateZeroDivisor : 1
info:  VK_KHR_buffer_device_address
info:    bufferDeviceAddress                    : 0
info:  VK_KHR_timeline_semaphore
info:    timelineSemaphore                      : 1
info:  Queue families:
info:    Graphics : 0
info:    Transfer : 1
info:  DXVK: Read 46 valid state cache entries
info:  Presenter: Actual swap chain properties:
info:    Format:       VK_FORMAT_B8G8R8A8_UNORM
info:    Present mode: VK_PRESENT_MODE_IMMEDIATE_KHR
info:    Buffer size:  1264x681
info:    Image count:  2
info:    Exclusive FS: 2
warn:  D3D11DXGIDevice::QueryInterface: Unknown interface query
warn:  a7aa6116-9c8d-4bba-9083-b4d816b71b78
warn:  D3D11DeviceContext::QueryInterface: Unknown interface query
warn:  a7f026da-a5f8-4487-a564-15e34357651e
warn:  D3D11DeviceContext::QueryInterface: Unknown interface query
warn:  c4e7374c-6243-4d1b-ae87-52b4f740e261
warn:  D3D11DeviceContext::QueryInterface: Unknown interface query
warn:  a9e2faa0-cb39-418f-a0b7-d8aad4de672e
warn:  D3D11DXGIDevice::QueryInterface: Unknown interface query
warn:  6543dbb6-1b48-42f5-ab82-e97ec74326f6
warn:  D3D11DXGIDevice::QueryInterface: Unknown interface query
warn:  6543dbb6-1b48-42f5-ab82-e97ec74326f6
warn:  D3D11DXGIDevice::QueryInterface: Unknown interface query
warn:  29da1d51-1321-4454-804b-f5fc9f861f0f
warn:  D3D11DXGIDevice::QueryInterface: Unknown interface query
warn:  59c0cb01-35f0-4a70-8f67-87905c906a53
info:  DXVK: Using 3 compiler threads
info:  Presenter: Actual swap chain properties:
info:    Format:       VK_FORMAT_B8G8R8A8_UNORM
info:    Present mode: VK_PRESENT_MODE_IMMEDIATE_KHR
info:    Buffer size:  1264x681
info:    Image count:  2
info:    Exclusive FS: 2
