c:\users\liyey\desktop\stort\stort_spelprojekt\stortspelprojekt\x64\release\stortspelprojekt.pch
c:\users\liyey\desktop\stort\stort_spelprojekt\stortspelprojekt\x64\release\vc143.pdb
c:\users\liyey\desktop\stort\stort_spelprojekt\stortspelprojekt\x64\release\stdafx.obj
c:\users\liyey\desktop\stort\stort_spelprojekt\stortspelprojekt\x64\release\dxutil.obj
c:\users\liyey\desktop\stort\stort_spelprojekt\stortspelprojekt\x64\release\directxmathhelper.obj
c:\users\liyey\desktop\stort\stort_spelprojekt\stortspelprojekt\x64\release\d3d11helper.obj
c:\users\liyey\desktop\stort\stort_spelprojekt\stortspelprojekt\x64\release\creditsmenu.obj
c:\users\liyey\desktop\stort\stort_spelprojekt\stortspelprojekt\x64\release\credits.obj
c:\users\liyey\desktop\stort\stort_spelprojekt\stortspelprojekt\x64\release\controlui.obj
c:\users\liyey\desktop\stort\stort_spelprojekt\stortspelprojekt\x64\release\controlmenu.obj
c:\users\liyey\desktop\stort\stort_spelprojekt\stortspelprojekt\x64\release\component.obj
c:\users\liyey\desktop\stort\stort_spelprojekt\stortspelprojekt\x64\release\client.obj
c:\users\liyey\desktop\stort\stort_spelprojekt\stortspelprojekt\x64\release\camera.obj
c:\users\liyey\desktop\stort\stort_spelprojekt\stortspelprojekt\x64\release\bilboardobject.obj
c:\users\liyey\desktop\stort\stort_spelprojekt\stortspelprojekt\x64\release\basicrenderer.obj
c:\users\liyey\desktop\stort\stort_spelprojekt\stortspelprojekt\x64\release\baseballbat.obj
c:\users\liyey\desktop\stort\stort_spelprojekt\stortspelprojekt\x64\release\clienthandler.obj
c:\users\liyey\desktop\stort\stort_spelprojekt\stortspelprojekt\x64\release\circularbufferclient.obj
c:\users\liyey\desktop\stort\stort_spelprojekt\stortspelprojekt\x64\release\capturezone.obj
c:\users\liyey\desktop\stort\stort_spelprojekt\stortspelprojekt\x64\release\arrow.obj
c:\users\liyey\desktop\stort\stort_spelprojekt\stortspelprojekt\x64\release\asteroidhandler.obj
c:\users\liyey\desktop\stort\stort_spelprojekt\stortspelprojekt\x64\release\asteroid.obj
c:\users\liyey\desktop\stort\stort_spelprojekt\stortspelprojekt\x64\release\animatedmesh.obj
c:\users\liyey\desktop\stort\stort_spelprojekt\stortspelprojekt\x64\release\menu.obj
c:\users\liyey\desktop\stort\stort_spelprojekt\stortspelprojekt\x64\release\main.obj
c:\users\liyey\desktop\stort\stort_spelprojekt\stortspelprojekt\x64\release\loseui.obj
c:\users\liyey\desktop\stort\stort_spelprojekt\stortspelprojekt\x64\release\losemenu.obj
c:\users\liyey\desktop\stort\stort_spelprojekt\stortspelprojekt\x64\release\lighthandler.obj
c:\users\liyey\desktop\stort\stort_spelprojekt\stortspelprojekt\x64\release\light.obj
c:\users\liyey\desktop\stort\stort_spelprojekt\stortspelprojekt\x64\release\item.obj
c:\users\liyey\desktop\stort\stort_spelprojekt\stortspelprojekt\x64\release\imguihelper.obj
c:\users\liyey\desktop\stort\stort_spelprojekt\stortspelprojekt\x64\release\hudui.obj
c:\users\liyey\desktop\stort\stort_spelprojekt\stortspelprojekt\x64\release\guitext.obj
c:\users\liyey\desktop\stort\stort_spelprojekt\stortspelprojekt\x64\release\guisprite.obj
c:\users\liyey\desktop\stort\stort_spelprojekt\stortspelprojekt\x64\release\menuui.obj
c:\users\liyey\desktop\stort\stort_spelprojekt\stortspelprojekt\x64\release\lobbyui.obj
c:\users\liyey\desktop\stort\stort_spelprojekt\stortspelprojekt\x64\release\lobby.obj
c:\users\liyey\desktop\stort\stort_spelprojekt\stortspelprojekt\x64\release\landinghud.obj
c:\users\liyey\desktop\stort\stort_spelprojekt\stortspelprojekt\x64\release\grenade.obj
c:\users\liyey\desktop\stort\stort_spelprojekt\stortspelprojekt\x64\release\gravityfield.obj
c:\users\liyey\desktop\stort\stort_spelprojekt\stortspelprojekt\x64\release\gameobject.obj
c:\users\liyey\desktop\stort\stort_spelprojekt\stortspelprojekt\x64\release\game.obj
c:\users\liyey\desktop\stort\stort_spelprojekt\stortspelprojekt\x64\release\errorlog.obj
c:\users\liyey\desktop\stort\stort_spelprojekt\stortspelprojekt\x64\release\skyboxobj.obj
c:\users\liyey\desktop\stort\stort_spelprojekt\stortspelprojekt\x64\release\shaderloader.obj
c:\users\liyey\desktop\stort\stort_spelprojekt\stortspelprojekt\x64\release\settingsui.obj
c:\users\liyey\desktop\stort\stort_spelprojekt\stortspelprojekt\x64\release\settingsmenu.obj
c:\users\liyey\desktop\stort\stort_spelprojekt\stortspelprojekt\x64\release\sendingdataevent.obj
c:\users\liyey\desktop\stort\stort_spelprojekt\stortspelprojekt\x64\release\profiler.obj
c:\users\liyey\desktop\stort\stort_spelprojekt\stortspelprojekt\x64\release\potion.obj
c:\users\liyey\desktop\stort\stort_spelprojekt\stortspelprojekt\x64\release\playervectors.obj
c:\users\liyey\desktop\stort\stort_spelprojekt\stortspelprojekt\x64\release\player.obj
c:\users\liyey\desktop\stort\stort_spelprojekt\stortspelprojekt\x64\release\planetgenerator.obj
c:\users\liyey\desktop\stort\stort_spelprojekt\stortspelprojekt\x64\release\planet.obj
c:\users\liyey\desktop\stort\stort_spelprojekt\stortspelprojekt\x64\release\mouseevent.obj
c:\users\liyey\desktop\stort\stort_spelprojekt\stortspelprojekt\x64\release\particleemitter.obj
c:\users\liyey\desktop\stort\stort_spelprojekt\stortspelprojekt\x64\release\physicsworld.obj
c:\users\liyey\desktop\stort\stort_spelprojekt\stortspelprojekt\x64\release\physicscomponent.obj
c:\users\liyey\desktop\stort\stort_spelprojekt\stortspelprojekt\x64\release\packeteventmanager.obj
c:\users\liyey\desktop\stort\stort_spelprojekt\stortspelprojekt\x64\release\mouseclass.obj
c:\users\liyey\desktop\stort\stort_spelprojekt\stortspelprojekt\x64\release\modelmanager.obj
c:\users\liyey\desktop\stort\stort_spelprojekt\stortspelprojekt\x64\release\modeldatacontainer.obj
c:\users\liyey\desktop\stort\stort_spelprojekt\stortspelprojekt\x64\release\minigameui.obj
c:\users\liyey\desktop\stort\stort_spelprojekt\stortspelprojekt\x64\release\winui.obj
c:\users\liyey\desktop\stort\stort_spelprojekt\stortspelprojekt\x64\release\winmenu.obj
c:\users\liyey\desktop\stort\stort_spelprojekt\stortspelprojekt\x64\release\windowhelper.obj
c:\users\liyey\desktop\stort\stort_spelprojekt\stortspelprojekt\x64\release\texture.obj
c:\users\liyey\desktop\stort\stort_spelprojekt\stortspelprojekt\x64\release\state.obj
c:\users\liyey\desktop\stort\stort_spelprojekt\stortspelprojekt\x64\release\spaceship.obj
c:\users\liyey\desktop\stort\stort_spelprojekt\stortspelprojekt\x64\release\imgui_widgets.obj
c:\users\liyey\desktop\stort\stort_spelprojekt\stortspelprojekt\x64\release\imgui_tables.obj
c:\users\liyey\desktop\stort\stort_spelprojekt\stortspelprojekt\x64\release\imgui_impl_win32.obj
c:\users\liyey\desktop\stort\stort_spelprojekt\stortspelprojekt\x64\release\imgui_impl_dx11.obj
c:\users\liyey\desktop\stort\stort_spelprojekt\stortspelprojekt\x64\release\imgui_draw.obj
c:\users\liyey\desktop\stort\stort_spelprojekt\stortspelprojekt\x64\release\imgui_demo.obj
c:\users\liyey\desktop\stort\stort_spelprojekt\stortspelprojekt\x64\release\imgui.obj
c:\users\liyey\desktop\stort\stort_spelprojekt\stortspelprojekt\x64\release\inputipui.obj
c:\users\liyey\desktop\stort\stort_spelprojekt\stortspelprojekt\x64\release\inputip.obj
c:\users\liyey\desktop\stort\stort_spelprojekt\shaders\basic_vertexshader.cso
c:\users\liyey\desktop\stort\stort_spelprojekt\shaders\bilboard_gs.cso
c:\users\liyey\desktop\stort\stort_spelprojekt\shaders\bilboard_ps.cso
c:\users\liyey\desktop\stort\stort_spelprojekt\shaders\bilboard_vs.cso
c:\users\liyey\desktop\stort\stort_spelprojekt\shaders\debuggerpshader.cso
c:\users\liyey\desktop\stort\stort_spelprojekt\shaders\domainshader.cso
c:\users\liyey\desktop\stort\stort_spelprojekt\shaders\hullshader.cso
c:\users\liyey\desktop\stort\stort_spelprojekt\shaders\normalmap_vs.cso
c:\users\liyey\desktop\stort\stort_spelprojekt\shaders\plavervectorpixel.cso
c:\users\liyey\desktop\stort\stort_spelprojekt\shaders\playervectorvertex.cso
c:\users\liyey\desktop\stort\stort_spelprojekt\shaders\postprocess.cso
c:\users\liyey\desktop\stort\stort_spelprojekt\shaders\pt_geometryshader.cso
c:\users\liyey\desktop\stort\stort_spelprojekt\shaders\pt_pixelshader.cso
c:\users\liyey\desktop\stort\stort_spelprojekt\shaders\pt_updateplayer.cso
c:\users\liyey\desktop\stort\stort_spelprojekt\shaders\pt_updateshader.cso
c:\users\liyey\desktop\stort\stort_spelprojekt\shaders\pt_vertexshader.cso
c:\users\liyey\desktop\stort\stort_spelprojekt\shaders\skybox_ps.cso
c:\users\liyey\desktop\stort\stort_spelprojekt\shaders\skybox_vs.cso
c:\users\liyey\desktop\stort\stort_spelprojekt\shaders\vertexshader.cso
c:\users\liyey\desktop\stort\stort_spelprojekt\shaders\vshaderskinning.cso
c:\users\liyey\desktop\stort\stort_spelprojekt\shaders\ambientpixelshader.cso
c:\users\liyey\desktop\stort\stort_spelprojekt\shaders\fresnel_ps.cso
c:\users\liyey\desktop\stort\stort_spelprojekt\shaders\invfresnel_ps.cso
c:\users\liyey\desktop\stort\stort_spelprojekt\shaders\normalmap_ps.cso
c:\users\liyey\desktop\stort\stort_spelprojekt\shaders\pixelshader.cso
c:\users\liyey\desktop\stort\stort_spelprojekt\shaders\pixelshader_noshadow.cso
c:\users\liyey\desktop\stort\stort_spelprojekt\shaders\domainshader2.cso
c:\users\liyey\desktop\stort\stort_spelprojekt\shaders\hullshader2.cso
c:\users\liyey\desktop\stort\stort_spelprojekt\shaders\normalmap_vs2.cso
c:\users\liyey\desktop\stort\stort_spelprojekt\x64\release\stortspelprojekt.exe
c:\users\liyey\desktop\stort\stort_spelprojekt\stortspelprojekt\x64\release\stortspelprojekt.ipdb
c:\users\liyey\desktop\stort\stort_spelprojekt\x64\release\stortspelprojekt.pdb
c:\users\liyey\desktop\stort\stort_spelprojekt\stortspelprojekt\x64\release\stortspelprojekt.iobj
c:\users\liyey\desktop\stort\stort_spelprojekt\stortspelprojekt\x64\release\stortspelprojekt.res
c:\users\liyey\desktop\stort\stort_spelprojekt\stortspelprojekt\x64\release\stortspelprojekt.tlog\cl.command.1.tlog
c:\users\liyey\desktop\stort\stort_spelprojekt\stortspelprojekt\x64\release\stortspelprojekt.tlog\cl.read.1.tlog
c:\users\liyey\desktop\stort\stort_spelprojekt\stortspelprojekt\x64\release\stortspelprojekt.tlog\cl.write.1.tlog
c:\users\liyey\desktop\stort\stort_spelprojekt\stortspelprojekt\x64\release\stortspelprojekt.tlog\fxc.command.1.tlog
c:\users\liyey\desktop\stort\stort_spelprojekt\stortspelprojekt\x64\release\stortspelprojekt.tlog\fxc.read.1.tlog
c:\users\liyey\desktop\stort\stort_spelprojekt\stortspelprojekt\x64\release\stortspelprojekt.tlog\fxc.write.1.tlog
c:\users\liyey\desktop\stort\stort_spelprojekt\stortspelprojekt\x64\release\stortspelprojekt.tlog\link.command.1.tlog
c:\users\liyey\desktop\stort\stort_spelprojekt\stortspelprojekt\x64\release\stortspelprojekt.tlog\link.read.1.tlog
c:\users\liyey\desktop\stort\stort_spelprojekt\stortspelprojekt\x64\release\stortspelprojekt.tlog\link.write.1.tlog
c:\users\liyey\desktop\stort\stort_spelprojekt\stortspelprojekt\x64\release\stortspelprojekt.tlog\rc.command.1.tlog
c:\users\liyey\desktop\stort\stort_spelprojekt\stortspelprojekt\x64\release\stortspelprojekt.tlog\rc.read.1.tlog
c:\users\liyey\desktop\stort\stort_spelprojekt\stortspelprojekt\x64\release\stortspelprojekt.tlog\rc.write.1.tlog
