c:\users\liyey\desktop\stort\stort_spelprojekt\server\x64\debug\vc143.pdb
c:\users\liyey\desktop\stort\stort_spelprojekt\server\x64\debug\vc143.idb
c:\users\liyey\desktop\stort\stort_spelprojekt\server\x64\debug\testobj.obj
c:\users\liyey\desktop\stort\stort_spelprojekt\server\x64\debug\spawncomponent.obj
c:\users\liyey\desktop\stort\stort_spelprojekt\server\x64\debug\serverplanet.obj
c:\users\liyey\desktop\stort\stort_spelprojekt\server\x64\debug\servergravfield.obj
c:\users\liyey\desktop\stort\stort_spelprojekt\server\x64\debug\gameobject.obj
c:\users\liyey\desktop\stort\stort_spelprojekt\server\x64\debug\server.obj
c:\users\liyey\desktop\stort\stort_spelprojekt\server\x64\debug\randomizespawn.obj
c:\users\liyey\desktop\stort\stort_spelprojekt\server\x64\debug\potion.obj
c:\users\liyey\desktop\stort\stort_spelprojekt\server\x64\debug\player.obj
c:\users\liyey\desktop\stort\stort_spelprojekt\server\x64\debug\physicsworld.obj
c:\users\liyey\desktop\stort\stort_spelprojekt\server\x64\debug\physicscomponent.obj
c:\users\liyey\desktop\stort\stort_spelprojekt\server\x64\debug\kingofthehillminigame.obj
c:\users\liyey\desktop\stort\stort_spelprojekt\server\x64\debug\item.obj
c:\users\liyey\desktop\stort\stort_spelprojekt\server\x64\debug\grenade.obj
c:\users\liyey\desktop\stort\stort_spelprojekt\server\x64\debug\directxmathhelper.obj
c:\users\liyey\desktop\stort\stort_spelprojekt\server\x64\debug\component.obj
c:\users\liyey\desktop\stort\stort_spelprojekt\server\x64\debug\circularbuffer.obj
c:\users\liyey\desktop\stort\stort_spelprojekt\server\x64\debug\baseballbat.obj
c:\users\liyey\desktop\stort\stort_spelprojekt\server\x64\debug\getplayerdata.obj
c:\users\liyey\desktop\stort\stort_spelprojekt\x64\debug\server.exe
c:\users\liyey\desktop\stort\stort_spelprojekt\server\x64\debug\server.ilk
c:\users\liyey\desktop\stort\stort_spelprojekt\x64\debug\server.pdb
c:\users\liyey\desktop\stort\stort_spelprojekt\server\x64\debug\server.tlog\cl.command.1.tlog
c:\users\liyey\desktop\stort\stort_spelprojekt\server\x64\debug\server.tlog\cl.read.1.tlog
c:\users\liyey\desktop\stort\stort_spelprojekt\server\x64\debug\server.tlog\cl.write.1.tlog
c:\users\liyey\desktop\stort\stort_spelprojekt\server\x64\debug\server.tlog\link.command.1.tlog
c:\users\liyey\desktop\stort\stort_spelprojekt\server\x64\debug\server.tlog\link.read.1.tlog
c:\users\liyey\desktop\stort\stort_spelprojekt\server\x64\debug\server.tlog\link.write.1.tlog
