c:\users\liyey\desktop\stort\stort_spelprojekt\stortspelprojekt\x64\debug\stortspelprojekt.pch
c:\users\liyey\desktop\stort\stort_spelprojekt\stortspelprojekt\x64\debug\vc143.pdb
c:\users\liyey\desktop\stort\stort_spelprojekt\stortspelprojekt\x64\debug\vc143.idb
c:\users\liyey\desktop\stort\stort_spelprojekt\stortspelprojekt\x64\debug\stdafx.obj
c:\users\liyey\desktop\stort\stort_spelprojekt\stortspelprojekt\x64\debug\dxutil.obj
c:\users\liyey\desktop\stort\stort_spelprojekt\stortspelprojekt\x64\debug\directxmathhelper.obj
c:\users\liyey\desktop\stort\stort_spelprojekt\stortspelprojekt\x64\debug\d3d11helper.obj
c:\users\liyey\desktop\stort\stort_spelprojekt\stortspelprojekt\x64\debug\creditsmenu.obj
c:\users\liyey\desktop\stort\stort_spelprojekt\stortspelprojekt\x64\debug\credits.obj
c:\users\liyey\desktop\stort\stort_spelprojekt\stortspelprojekt\x64\debug\controlui.obj
c:\users\liyey\desktop\stort\stort_spelprojekt\stortspelprojekt\x64\debug\controlmenu.obj
c:\users\liyey\desktop\stort\stort_spelprojekt\stortspelprojekt\x64\debug\component.obj
c:\users\liyey\desktop\stort\stort_spelprojekt\stortspelprojekt\x64\debug\client.obj
c:\users\liyey\desktop\stort\stort_spelprojekt\stortspelprojekt\x64\debug\camera.obj
c:\users\liyey\desktop\stort\stort_spelprojekt\stortspelprojekt\x64\debug\bilboardobject.obj
c:\users\liyey\desktop\stort\stort_spelprojekt\stortspelprojekt\x64\debug\basicrenderer.obj
c:\users\liyey\desktop\stort\stort_spelprojekt\stortspelprojekt\x64\debug\baseballbat.obj
c:\users\liyey\desktop\stort\stort_spelprojekt\stortspelprojekt\x64\debug\clienthandler.obj
c:\users\liyey\desktop\stort\stort_spelprojekt\stortspelprojekt\x64\debug\circularbufferclient.obj
c:\users\liyey\desktop\stort\stort_spelprojekt\stortspelprojekt\x64\debug\capturezone.obj
c:\users\liyey\desktop\stort\stort_spelprojekt\stortspelprojekt\x64\debug\arrow.obj
c:\users\liyey\desktop\stort\stort_spelprojekt\stortspelprojekt\x64\debug\asteroidhandler.obj
c:\users\liyey\desktop\stort\stort_spelprojekt\stortspelprojekt\x64\debug\asteroid.obj
c:\users\liyey\desktop\stort\stort_spelprojekt\stortspelprojekt\x64\debug\animatedmesh.obj
c:\users\liyey\desktop\stort\stort_spelprojekt\stortspelprojekt\x64\debug\modelmanager.obj
c:\users\liyey\desktop\stort\stort_spelprojekt\stortspelprojekt\x64\debug\modeldatacontainer.obj
c:\users\liyey\desktop\stort\stort_spelprojekt\stortspelprojekt\x64\debug\minigameui.obj
c:\users\liyey\desktop\stort\stort_spelprojekt\stortspelprojekt\x64\debug\menu.obj
c:\users\liyey\desktop\stort\stort_spelprojekt\stortspelprojekt\x64\debug\main.obj
c:\users\liyey\desktop\stort\stort_spelprojekt\stortspelprojekt\x64\debug\loseui.obj
c:\users\liyey\desktop\stort\stort_spelprojekt\stortspelprojekt\x64\debug\losemenu.obj
c:\users\liyey\desktop\stort\stort_spelprojekt\stortspelprojekt\x64\debug\lighthandler.obj
c:\users\liyey\desktop\stort\stort_spelprojekt\stortspelprojekt\x64\debug\light.obj
c:\users\liyey\desktop\stort\stort_spelprojekt\stortspelprojekt\x64\debug\item.obj
c:\users\liyey\desktop\stort\stort_spelprojekt\stortspelprojekt\x64\debug\imguihelper.obj
c:\users\liyey\desktop\stort\stort_spelprojekt\stortspelprojekt\x64\debug\hudui.obj
c:\users\liyey\desktop\stort\stort_spelprojekt\stortspelprojekt\x64\debug\guitext.obj
c:\users\liyey\desktop\stort\stort_spelprojekt\stortspelprojekt\x64\debug\guisprite.obj
c:\users\liyey\desktop\stort\stort_spelprojekt\stortspelprojekt\x64\debug\menuui.obj
c:\users\liyey\desktop\stort\stort_spelprojekt\stortspelprojekt\x64\debug\grenade.obj
c:\users\liyey\desktop\stort\stort_spelprojekt\stortspelprojekt\x64\debug\gravityfield.obj
c:\users\liyey\desktop\stort\stort_spelprojekt\stortspelprojekt\x64\debug\gameobject.obj
c:\users\liyey\desktop\stort\stort_spelprojekt\stortspelprojekt\x64\debug\game.obj
c:\users\liyey\desktop\stort\stort_spelprojekt\stortspelprojekt\x64\debug\errorlog.obj
c:\users\liyey\desktop\stort\stort_spelprojekt\stortspelprojekt\x64\debug\winmenu.obj
c:\users\liyey\desktop\stort\stort_spelprojekt\stortspelprojekt\x64\debug\windowhelper.obj
c:\users\liyey\desktop\stort\stort_spelprojekt\stortspelprojekt\x64\debug\texture.obj
c:\users\liyey\desktop\stort\stort_spelprojekt\stortspelprojekt\x64\debug\state.obj
c:\users\liyey\desktop\stort\stort_spelprojekt\stortspelprojekt\x64\debug\spaceship.obj
c:\users\liyey\desktop\stort\stort_spelprojekt\stortspelprojekt\x64\debug\skyboxobj.obj
c:\users\liyey\desktop\stort\stort_spelprojekt\stortspelprojekt\x64\debug\shaderloader.obj
c:\users\liyey\desktop\stort\stort_spelprojekt\stortspelprojekt\x64\debug\settingsui.obj
c:\users\liyey\desktop\stort\stort_spelprojekt\stortspelprojekt\x64\debug\settingsmenu.obj
c:\users\liyey\desktop\stort\stort_spelprojekt\stortspelprojekt\x64\debug\sendingdataevent.obj
c:\users\liyey\desktop\stort\stort_spelprojekt\stortspelprojekt\x64\debug\profiler.obj
c:\users\liyey\desktop\stort\stort_spelprojekt\stortspelprojekt\x64\debug\potion.obj
c:\users\liyey\desktop\stort\stort_spelprojekt\stortspelprojekt\x64\debug\playervectors.obj
c:\users\liyey\desktop\stort\stort_spelprojekt\stortspelprojekt\x64\debug\player.obj
c:\users\liyey\desktop\stort\stort_spelprojekt\stortspelprojekt\x64\debug\planetgenerator.obj
c:\users\liyey\desktop\stort\stort_spelprojekt\stortspelprojekt\x64\debug\planet.obj
c:\users\liyey\desktop\stort\stort_spelprojekt\stortspelprojekt\x64\debug\particleemitter.obj
c:\users\liyey\desktop\stort\stort_spelprojekt\stortspelprojekt\x64\debug\physicsworld.obj
c:\users\liyey\desktop\stort\stort_spelprojekt\stortspelprojekt\x64\debug\physicscomponent.obj
c:\users\liyey\desktop\stort\stort_spelprojekt\stortspelprojekt\x64\debug\packeteventmanager.obj
c:\users\liyey\desktop\stort\stort_spelprojekt\stortspelprojekt\x64\debug\winui.obj
c:\users\liyey\desktop\stort\stort_spelprojekt\stortspelprojekt\x64\debug\imgui_widgets.obj
c:\users\liyey\desktop\stort\stort_spelprojekt\stortspelprojekt\x64\debug\imgui_tables.obj
c:\users\liyey\desktop\stort\stort_spelprojekt\stortspelprojekt\x64\debug\imgui_impl_win32.obj
c:\users\liyey\desktop\stort\stort_spelprojekt\stortspelprojekt\x64\debug\imgui_impl_dx11.obj
c:\users\liyey\desktop\stort\stort_spelprojekt\stortspelprojekt\x64\debug\imgui_draw.obj
c:\users\liyey\desktop\stort\stort_spelprojekt\stortspelprojekt\x64\debug\imgui_demo.obj
c:\users\liyey\desktop\stort\stort_spelprojekt\stortspelprojekt\x64\debug\imgui.obj
c:\users\liyey\desktop\stort\stort_spelprojekt\stortspelprojekt\x64\debug\landinghud.obj
c:\users\liyey\desktop\stort\stort_spelprojekt\stortspelprojekt\x64\debug\lobbyui.obj
c:\users\liyey\desktop\stort\stort_spelprojekt\stortspelprojekt\x64\debug\lobby.obj
c:\users\liyey\desktop\stort\stort_spelprojekt\stortspelprojekt\x64\debug\inputipui.obj
c:\users\liyey\desktop\stort\stort_spelprojekt\stortspelprojekt\x64\debug\inputip.obj
c:\users\liyey\desktop\stort\stort_spelprojekt\shaders\bilboard_gs.cso
c:\users\liyey\desktop\stort\stort_spelprojekt\shaders\bilboard_ps.cso
c:\users\liyey\desktop\stort\stort_spelprojekt\shaders\bilboard_vs.cso
c:\users\liyey\desktop\stort\stort_spelprojekt\shaders\debuggerpshader.cso
c:\users\liyey\desktop\stort\stort_spelprojekt\shaders\plavervectorpixel.cso
c:\users\liyey\desktop\stort\stort_spelprojekt\shaders\playervectorvertex.cso
c:\users\liyey\desktop\stort\stort_spelprojekt\shaders\pt_vertexshader.cso
c:\users\liyey\desktop\stort\stort_spelprojekt\shaders\skybox_ps.cso
c:\users\liyey\desktop\stort\stort_spelprojekt\shaders\skybox_vs.cso
c:\users\liyey\desktop\stort\stort_spelprojekt\shaders\vertexshader.cso
c:\users\liyey\desktop\stort\stort_spelprojekt\shaders\basic_vertexshader.cso
c:\users\liyey\desktop\stort\stort_spelprojekt\shaders\domainshader.cso
c:\users\liyey\desktop\stort\stort_spelprojekt\shaders\hullshader.cso
c:\users\liyey\desktop\stort\stort_spelprojekt\shaders\normalmap_vs.cso
c:\users\liyey\desktop\stort\stort_spelprojekt\shaders\postprocess.cso
c:\users\liyey\desktop\stort\stort_spelprojekt\shaders\pt_geometryshader.cso
c:\users\liyey\desktop\stort\stort_spelprojekt\shaders\pt_pixelshader.cso
c:\users\liyey\desktop\stort\stort_spelprojekt\shaders\pt_updateplayer.cso
c:\users\liyey\desktop\stort\stort_spelprojekt\shaders\pt_updateshader.cso
c:\users\liyey\desktop\stort\stort_spelprojekt\shaders\vshaderskinning.cso
c:\users\liyey\desktop\stort\stort_spelprojekt\shaders\ambientpixelshader.cso
c:\users\liyey\desktop\stort\stort_spelprojekt\shaders\domainshader2.cso
c:\users\liyey\desktop\stort\stort_spelprojekt\shaders\fresnel_ps.cso
c:\users\liyey\desktop\stort\stort_spelprojekt\shaders\hullshader2.cso
c:\users\liyey\desktop\stort\stort_spelprojekt\shaders\invfresnel_ps.cso
c:\users\liyey\desktop\stort\stort_spelprojekt\shaders\normalmap_ps.cso
c:\users\liyey\desktop\stort\stort_spelprojekt\shaders\normalmap_vs2.cso
c:\users\liyey\desktop\stort\stort_spelprojekt\shaders\pixelshader.cso
c:\users\liyey\desktop\stort\stort_spelprojekt\shaders\pixelshader_noshadow.cso
c:\users\liyey\desktop\stort\stort_spelprojekt\x64\debug\stortspelprojekt.exe
c:\users\liyey\desktop\stort\stort_spelprojekt\stortspelprojekt\x64\debug\stortspelprojekt.ilk
c:\users\liyey\desktop\stort\stort_spelprojekt\x64\debug\stortspelprojekt.pdb
c:\users\liyey\desktop\stort\stort_spelprojekt\stortspelprojekt\x64\debug\stortspelprojekt.res
c:\users\liyey\desktop\stort\stort_spelprojekt\stortspelprojekt\x64\debug\stortspelprojekt.tlog\cl.command.1.tlog
c:\users\liyey\desktop\stort\stort_spelprojekt\stortspelprojekt\x64\debug\stortspelprojekt.tlog\cl.read.1.tlog
c:\users\liyey\desktop\stort\stort_spelprojekt\stortspelprojekt\x64\debug\stortspelprojekt.tlog\cl.write.1.tlog
c:\users\liyey\desktop\stort\stort_spelprojekt\stortspelprojekt\x64\debug\stortspelprojekt.tlog\fxc.command.1.tlog
c:\users\liyey\desktop\stort\stort_spelprojekt\stortspelprojekt\x64\debug\stortspelprojekt.tlog\fxc.read.1.tlog
c:\users\liyey\desktop\stort\stort_spelprojekt\stortspelprojekt\x64\debug\stortspelprojekt.tlog\fxc.write.1.tlog
c:\users\liyey\desktop\stort\stort_spelprojekt\stortspelprojekt\x64\debug\stortspelprojekt.tlog\link.command.1.tlog
c:\users\liyey\desktop\stort\stort_spelprojekt\stortspelprojekt\x64\debug\stortspelprojekt.tlog\link.read.1.tlog
c:\users\liyey\desktop\stort\stort_spelprojekt\stortspelprojekt\x64\debug\stortspelprojekt.tlog\link.write.1.tlog
c:\users\liyey\desktop\stort\stort_spelprojekt\stortspelprojekt\x64\debug\stortspelprojekt.tlog\rc.command.1.tlog
c:\users\liyey\desktop\stort\stort_spelprojekt\stortspelprojekt\x64\debug\stortspelprojekt.tlog\rc.read.1.tlog
c:\users\liyey\desktop\stort\stort_spelprojekt\stortspelprojekt\x64\debug\stortspelprojekt.tlog\rc.write.1.tlog
