c:\users\liyey\desktop\stort\stort_spelprojekt\server\x64\release\vc143.pdb
c:\users\liyey\desktop\stort\stort_spelprojekt\server\x64\release\testobj.obj
c:\users\liyey\desktop\stort\stort_spelprojekt\server\x64\release\spawncomponent.obj
c:\users\liyey\desktop\stort\stort_spelprojekt\server\x64\release\serverplanet.obj
c:\users\liyey\desktop\stort\stort_spelprojekt\server\x64\release\servergravfield.obj
c:\users\liyey\desktop\stort\stort_spelprojekt\server\x64\release\gameobject.obj
c:\users\liyey\desktop\stort\stort_spelprojekt\server\x64\release\server.obj
c:\users\liyey\desktop\stort\stort_spelprojekt\server\x64\release\randomizespawn.obj
c:\users\liyey\desktop\stort\stort_spelprojekt\server\x64\release\potion.obj
c:\users\liyey\desktop\stort\stort_spelprojekt\server\x64\release\player.obj
c:\users\liyey\desktop\stort\stort_spelprojekt\server\x64\release\physicsworld.obj
c:\users\liyey\desktop\stort\stort_spelprojekt\server\x64\release\physicscomponent.obj
c:\users\liyey\desktop\stort\stort_spelprojekt\server\x64\release\kingofthehillminigame.obj
c:\users\liyey\desktop\stort\stort_spelprojekt\server\x64\release\item.obj
c:\users\liyey\desktop\stort\stort_spelprojekt\server\x64\release\grenade.obj
c:\users\liyey\desktop\stort\stort_spelprojekt\server\x64\release\getplayerdata.obj
c:\users\liyey\desktop\stort\stort_spelprojekt\server\x64\release\directxmathhelper.obj
c:\users\liyey\desktop\stort\stort_spelprojekt\server\x64\release\component.obj
c:\users\liyey\desktop\stort\stort_spelprojekt\server\x64\release\circularbuffer.obj
c:\users\liyey\desktop\stort\stort_spelprojekt\server\x64\release\baseballbat.obj
c:\users\liyey\desktop\stort\stort_spelprojekt\x64\release\server.exe
c:\users\liyey\desktop\stort\stort_spelprojekt\server\x64\release\server.ipdb
c:\users\liyey\desktop\stort\stort_spelprojekt\x64\release\server.pdb
c:\users\liyey\desktop\stort\stort_spelprojekt\server\x64\release\server.iobj
c:\users\liyey\desktop\stort\stort_spelprojekt\server\x64\release\server.tlog\cl.command.1.tlog
c:\users\liyey\desktop\stort\stort_spelprojekt\server\x64\release\server.tlog\cl.read.1.tlog
c:\users\liyey\desktop\stort\stort_spelprojekt\server\x64\release\server.tlog\cl.write.1.tlog
c:\users\liyey\desktop\stort\stort_spelprojekt\server\x64\release\server.tlog\link.command.1.tlog
c:\users\liyey\desktop\stort\stort_spelprojekt\server\x64\release\server.tlog\link.read.1.tlog
c:\users\liyey\desktop\stort\stort_spelprojekt\server\x64\release\server.tlog\link.write.1.tlog
